<?xml version='1.0' encoding='UTF-8'?>
<testsuite hostname="FRL1195.local" name="TransformSpec" tests="1" errors="0" failures="0" skipped="0" time="3.453" timestamp="2024-02-01T00:27:24">
                     <properties>
      <property name="java.vendor" value="AdoptOpenJDK"/><property name="http.proxyPassword" value="Mymaman51964!"/><property name="sun.java.launcher" value="SUN_STANDARD"/><property name="sun.nio.ch.bugLevel" value=""/><property name="sun.management.compiler" value="HotSpot 64-Bit Tiered Compilers"/><property name="https.proxyHost" value="10.176.205.3"/><property name="jnidispatch.path" value="/Users/akara/Library/Caches/JNA/temp/jna3763891393497327529.tmp"/><property name="os.name" value="Mac OS X"/><property name="sun.boot.class.path" value="/Library/Java/JavaVirtualMachines/adoptopenjdk-8.jdk/Contents/Home/jre/lib/resources.jar:/Library/Java/JavaVirtualMachines/adoptopenjdk-8.jdk/Contents/Home/jre/lib/rt.jar:/Library/Java/JavaVirtualMachines/adoptopenjdk-8.jdk/Contents/Home/jre/lib/sunrsasign.jar:/Library/Java/JavaVirtualMachines/adoptopenjdk-8.jdk/Contents/Home/jre/lib/jsse.jar:/Library/Java/JavaVirtualMachines/adoptopenjdk-8.jdk/Contents/Home/jre/lib/jce.jar:/Library/Java/JavaVirtualMachines/adoptopenjdk-8.jdk/Contents/Home/jre/lib/charsets.jar:/Library/Java/JavaVirtualMachines/adoptopenjdk-8.jdk/Contents/Home/jre/lib/jfr.jar:/Library/Java/JavaVirtualMachines/adoptopenjdk-8.jdk/Contents/Home/jre/classes"/><property name="sbt.override.build.repos" value="true"/><property name="java.vm.specification.vendor" value="Oracle Corporation"/><property name="java.runtime.version" value="1.8.0_292-b10"/><property name="https.proxyPassword" value="Mymaman51964!"/><property name="jna.loaded" value="true"/><property name="http.proxyPort" value="8080"/><property name="user.name" value="akara"/><property name="user.language" value="fr"/><property name="sun.boot.library.path" value="/Library/Java/JavaVirtualMachines/adoptopenjdk-8.jdk/Contents/Home/jre/lib"/><property name="jna.nosys" value="true"/><property name="http.proxyUser" value="alycia_kara"/><property name="java.version" value="1.8.0_292"/><property name="user.timezone" value="Europe/Paris"/><property name="jdk.lang.Process.launchMechanism" value="POSIX_SPAWN"/><property name="sun.arch.data.model" value="64"/><property name="jline.shutdownhook" value="false"/><property name="http.nonProxyHosts" value="192.168.1.1|localhost|127.0.0.0|127.0.1.1|127.0.1.1|local.home|elastic|0.0.0.0"/><property name="java.endorsed.dirs" value="/Library/Java/JavaVirtualMachines/adoptopenjdk-8.jdk/Contents/Home/jre/lib/endorsed"/><property name="sun.cpu.isalist" value=""/><property name="sun.jnu.encoding" value="UTF-8"/><property name="file.encoding.pkg" value="sun.io"/><property name="file.separator" value="/"/><property name="java.specification.name" value="Java Platform API Specification"/><property name="java.class.version" value="52.0"/><property name="jetty.git.hash" value="e46af88704a893fc12cb0e3bf46e2c7b48a009e7"/><property name="user.country" value="FR"/><property name="java.home" value="/Library/Java/JavaVirtualMachines/adoptopenjdk-8.jdk/Contents/Home/jre"/><property name="java.vm.info" value="mixed mode"/><property name="os.version" value="10.16"/><property name="https.proxyPort" value="8080"/><property name="https.nonProxyHosts" value="192.168.1.1|localhost|127.0.0.0|127.0.1.1|127.0.1.1|local.home|elastic|0.0.0.0"/><property name="ftp.proxyHost" value="10.176.205.3"/><property name="path.separator" value=":"/><property name="java.vm.version" value="25.292-b10"/><property name="java.awt.printerjob" value="sun.lwawt.macosx.CPrinterJob"/><property name="sun.io.unicode.encoding" value="UnicodeBig"/><property name="awt.toolkit" value="sun.lwawt.macosx.LWCToolkit"/><property name="socksNonProxyHosts" value="local|*.local|169.254/16|*.169.254/16"/><property name="ftp.nonProxyHosts" value="local|*.local|169.254/16|*.169.254/16"/><property name="https.proxyUser" value="alycia_kara"/><property name="user.home" value="/Users/akara"/><property name="java.specification.vendor" value="Oracle Corporation"/><property name="swoval.tmpdir" value="/Users/akara/.sbt/1.0"/><property name="java.library.path" value="/Users/akara/Library/Java/Extensions:/Library/Java/Extensions:/Network/Library/Java/Extensions:/System/Library/Java/Extensions:/usr/lib/java:."/><property name="java.vendor.url" value="https://adoptopenjdk.net/"/><property name="jline.esc.timeout" value="0"/><property name="java.vm.vendor" value="AdoptOpenJDK"/><property name="gopherProxySet" value="false"/><property name="java.runtime.name" value="OpenJDK Runtime Environment"/><property name="sun.java.command" value="/Users/akara/Library/Caches/Coursier/arc/https/github.com/sbt/sbt/releases/download/v1.9.8/sbt-1.9.8.zip/sbt/bin/sbt-launch.jar"/><property name="java.class.path" value="/Users/akara/Library/Caches/Coursier/arc/https/github.com/sbt/sbt/releases/download/v1.9.8/sbt-1.9.8.zip/sbt/bin/sbt-launch.jar"/><property name="schema.manager.url" value="https://schema-manager-platform-prod.apis.caas.phenix.carrefour.com"/><property name="java.vm.specification.name" value="Java Virtual Machine Specification"/><property name="java.vm.specification.version" value="1.8"/><property name="sun.cpu.endian" value="little"/><property name="sun.os.patch.level" value="unknown"/><property name="java.io.tmpdir" value="/var/folders/s2/qt997zx5267d5snl9s0vw9l00000gr/T/"/><property name="java.vendor.url.bug" value="https://github.com/AdoptOpenJDK/openjdk-support/issues"/><property name="http.proxyHost" value="10.176.205.3"/><property name="jna.platform.library.path" value="/usr/lib:/usr/lib"/><property name="os.arch" value="x86_64"/><property name="java.awt.graphicsenv" value="sun.awt.CGraphicsEnvironment"/><property name="java.ext.dirs" value="/Users/akara/Library/Java/Extensions:/Library/Java/JavaVirtualMachines/adoptopenjdk-8.jdk/Contents/Home/jre/lib/ext:/Library/Java/Extensions:/Network/Library/Java/Extensions:/System/Library/Java/Extensions:/usr/lib/java"/><property name="ftp.proxyPort" value="8080"/><property name="user.dir" value="/Users/akara/Desktop/BelieveTest"/><property name="line.separator" value="
"/><property name="java.vm.name" value="OpenJDK 64-Bit Server VM"/><property name="log4j.ignoreTCL" value="true"/><property name="sbt.script" value="/Users/akara/Library/Caches/Coursier/arc/https/github.com/sbt/sbt/releases/download/v1.9.8/sbt-1.9.8.zip/sbt/bin/sbt"/><property name="file.encoding" value="UTF-8"/><property name="java.specification.version" value="1.8"/>
    </properties>
                     <testcase classname="TransformSpec" name="transform should merge inputs &amp; produce Dataset[SalesReportSchema]" time="3.453">
                                                 
                                               </testcase>
                     <system-out><![CDATA[]]></system-out>
                     <system-err><![CDATA[]]></system-err>
                   </testsuite>